<?xml version="1.0" encoding="UTF-8"?>
<!-- Generated by org.testng.reporters.JUnitReportReporter -->
<testsuite hostname="DESKTOP-SFDLQ20" failures="0" tests="1" name="com.demoproj.runner.CucumberRunner" time="114.820" errors="0" timestamp="2023-08-04T12:04:27 IST" skipped="0">
  <testcase classname="com.demoproj.runner.CucumberRunner" name="runScenario" time="114.820"/>
</testsuite> <!-- com.demoproj.runner.CucumberRunner -->
